<?xml version="1.0" encoding="UTF-8"?>
<!-- Generated by org.testng.reporters.JUnitReportReporter -->
<testsuite skipped="0" hostname="ADMINRG-KK05GOQ" name="com.exp.A" tests="3" failures="0" timestamp="02 Sep 2021 12:25:02 GMT" time="51.797" errors="0">
  <testcase name="tc0" time="5.692" classname="com.exp.A"/>
  <testcase name="tc0" time="6.123" classname="com.exp.A"/>
  <testcase name="tc0" time="39.982" classname="com.exp.A"/>
</testsuite> <!-- com.exp.A -->
